<?xml version="1.0" encoding="UTF-8"?>
<testsuite xmlns:xsi="http://www.w3.org/2001/XMLSchema-instance" xsi:noNamespaceSchemaLocation="https://maven.apache.org/surefire/maven-surefire-plugin/xsd/surefire-test-report.xsd" name="com.pccwglobal.assessment.marssitest.service.impl.UserServiceImplTest" time="0.591" tests="5" errors="0" skipped="0" failures="0">
  <properties>
[...]
</properties>
  <testcase name="testUpdateUser" classname="com.pccwglobal.assessment.marssitest.service.impl.UserServiceImplTest" time="0.155"/>
  <testcase name="testListUsers" classname="com.pccwglobal.assessment.marssitest.service.impl.UserServiceImplTest" time="0.223"/>
  <testcase name="testCreateUser" classname="com.pccwglobal.assessment.marssitest.service.impl.UserServiceImplTest" time="0.123"/>
  <testcase name="testDeleteUserById" classname="com.pccwglobal.assessment.marssitest.service.impl.UserServiceImplTest" time="0.077"/>
  <testcase name="testGetUserById" classname="com.pccwglobal.assessment.marssitest.service.impl.UserServiceImplTest" time="0.011"/>
</testsuite>