<?xml version="1.0" encoding="UTF-8"?>
<testsuite xmlns:xsi="http://www.w3.org/2001/XMLSchema-instance" xsi:noNamespaceSchemaLocation="https://maven.apache.org/surefire/maven-surefire-plugin/xsd/surefire-test-report.xsd" name="com.pccwglobal.assessment.marssitest.PerformanceTest" time="13.693" tests="5" errors="0" skipped="0" failures="2">
  <properties>
[...]
</properties>
  <testcase name="testListUsersPerformance" classname="com.pccwglobal.assessment.marssitest.PerformanceTest" time="2.868">
    <failure message="Test throughput threshold not achieved&#10;Expected: is &lt;true&gt;&#10;     but: was &lt;false&gt;" type="java.lang.AssertionError"><![CDATA[java.lang.AssertionError: 
Test throughput threshold not achieved
Expected: is <true>
     but: was <false>
]]></failure>
    <system-out><![CDATA[
  .   ____          _            __ _ _
 /\\ / ___'_ __ _ _(_)_ __  __ _ \ \ \ \
( ( )\___ | '_ | '_| | '_ \/ _` | \ \ \ \
 \\/  ___)| |_)| | | | | || (_| |  ) ) ) )
  '  |____| .__|_| |_|_| |_\__, | / / / /
 =========|_|==============|___/=/_/_/_/
 :: Spring Boot ::        (v2.0.4.RELEASE)

2018-08-06 02:00:59.345  INFO 2724 --- [           main] c.p.a.marssitest.PerformanceTest         : Starting PerformanceTest on CHEN with PID 2724 (started by Administrator in D:\FrontEnd\pccw\assessment\mars-si-test)
2018-08-06 02:00:59.348  INFO 2724 --- [           main] c.p.a.marssitest.PerformanceTest         : The following profiles are active: test
2018-08-06 02:00:59.378  INFO 2724 --- [           main] s.c.a.AnnotationConfigApplicationContext : Refreshing org.springframework.context.annotation.AnnotationConfigApplicationContext@a7ed1f: startup date [Mon Aug 06 02:00:59 ACST 2018]; root of context hierarchy
2018-08-06 02:01:00.575  INFO 2724 --- [           main] com.zaxxer.hikari.HikariDataSource       : HikariPool-1 - Starting...
2018-08-06 02:01:00.808  INFO 2724 --- [           main] com.zaxxer.hikari.HikariDataSource       : HikariPool-1 - Start completed.
2018-08-06 02:01:00.859  INFO 2724 --- [           main] j.LocalContainerEntityManagerFactoryBean : Building JPA container EntityManagerFactory for persistence unit 'default'
2018-08-06 02:01:00.922  INFO 2724 --- [           main] o.hibernate.jpa.internal.util.LogHelper  : HHH000204: Processing PersistenceUnitInfo [
	name: default
	...]
2018-08-06 02:01:01.015  INFO 2724 --- [           main] org.hibernate.Version                    : HHH000412: Hibernate Core {5.2.17.Final}
2018-08-06 02:01:01.016  INFO 2724 --- [           main] org.hibernate.cfg.Environment            : HHH000206: hibernate.properties not found
2018-08-06 02:01:01.064  INFO 2724 --- [           main] o.hibernate.annotations.common.Version   : HCANN000001: Hibernate Commons Annotations {5.0.1.Final}
2018-08-06 02:01:01.192  INFO 2724 --- [           main] org.hibernate.dialect.Dialect            : HHH000400: Using dialect: org.hibernate.dialect.MySQL5Dialect
2018-08-06 02:01:02.034  INFO 2724 --- [           main] j.LocalContainerEntityManagerFactoryBean : Initialized JPA EntityManagerFactory for persistence unit 'default'
2018-08-06 02:01:02.567  INFO 2724 --- [           main] c.p.a.marssitest.PerformanceTest         : Started PerformanceTest in 3.569 seconds (JVM running for 4.797)
2018-08-06 02:01:04.175  INFO 2724 --- [           main] c.g.n.j.r.providers.HtmlReportGenerator  : Rendering report to: .\performanceTestReport.html
2018-08-06 02:01:05.456  INFO 2724 --- [           main] c.g.n.j.r.p.ConsoleReportGenerator       : Test Name:    testListUsersPerformance
2018-08-06 02:01:05.456  INFO 2724 --- [           main] c.g.n.j.r.p.ConsoleReportGenerator       : Started at:   2018-08-06 02:01:02
2018-08-06 02:01:05.456  INFO 2724 --- [           main] c.g.n.j.r.p.ConsoleReportGenerator       : Invocations:  48
2018-08-06 02:01:05.456  INFO 2724 --- [           main] c.g.n.j.r.p.ConsoleReportGenerator       :   - Success:  48
2018-08-06 02:01:05.457  INFO 2724 --- [           main] c.g.n.j.r.p.ConsoleReportGenerator       :   - Errors:   0
2018-08-06 02:01:05.457  INFO 2724 --- [           main] c.g.n.j.r.p.ConsoleReportGenerator       :   - Errors:   0.0% - PASSED
2018-08-06 02:01:05.457  INFO 2724 --- [           main] c.g.n.j.r.p.ConsoleReportGenerator       : 
2018-08-06 02:01:05.457  INFO 2724 --- [           main] c.g.n.j.r.p.ConsoleReportGenerator       : Thread Count: 10
2018-08-06 02:01:05.457  INFO 2724 --- [           main] c.g.n.j.r.p.ConsoleReportGenerator       : Warm up:      10 ms
2018-08-06 02:01:05.457  INFO 2724 --- [           main] c.g.n.j.r.p.ConsoleReportGenerator       : 
2018-08-06 02:01:05.457  INFO 2724 --- [           main] c.g.n.j.r.p.ConsoleReportGenerator       : Execution time: 1250 ms
2018-08-06 02:01:05.457  INFO 2724 --- [           main] c.g.n.j.r.p.ConsoleReportGenerator       : Throughput:     38/s (Required: 50/s) - FAILED!!
2018-08-06 02:01:05.457  INFO 2724 --- [           main] c.g.n.j.r.p.ConsoleReportGenerator       : Min. latency:   12.864366 ms (Required: N/Ams) - {}
2018-08-06 02:01:05.458  INFO 2724 --- [           main] c.g.n.j.r.p.ConsoleReportGenerator       : Max. latency:    1014.9786 ms (Required: N/Ams) - {}
2018-08-06 02:01:05.458  INFO 2724 --- [           main] c.g.n.j.r.p.ConsoleReportGenerator       : Ave. latency:    241.06787 ms (Required: N/Ams) - {}
2018-08-06 02:01:05.458  INFO 2724 --- [           main] c.g.n.j.r.p.ConsoleReportGenerator       : 90:    947.0297ms (Required: 1000.0 ms) - PASSED
2018-08-06 02:01:05.458  INFO 2724 --- [           main] c.g.n.j.r.p.ConsoleReportGenerator       : 95:    995.83484ms (Required: 1100.0 ms) - PASSED
2018-08-06 02:01:05.458  INFO 2724 --- [           main] c.g.n.j.r.p.ConsoleReportGenerator       : 98:    1014.9786ms (Required: 1100.0 ms) - PASSED
2018-08-06 02:01:05.458  INFO 2724 --- [           main] c.g.n.j.r.p.ConsoleReportGenerator       : 99:    1014.9786ms (Required: 1200.0 ms) - PASSED
2018-08-06 02:01:05.458  INFO 2724 --- [           main] c.g.n.j.r.p.ConsoleReportGenerator       : 
2018-08-06 02:01:05.459  INFO 2724 --- [           main] c.g.n.j.r.p.ConsoleReportGenerator       : 
]]></system-out>
    <system-err><![CDATA[Aug 06, 2018 2:00:58 AM org.springframework.boot.test.context.SpringBootTestContextBootstrapper buildDefaultMergedContextConfiguration
信息: Neither @ContextConfiguration nor @ContextHierarchy found for test class [com.pccwglobal.assessment.marssitest.PerformanceTest], using SpringBootContextLoader
Aug 06, 2018 2:00:58 AM org.springframework.test.context.support.AbstractContextLoader generateDefaultLocations
信息: Could not detect default resource locations for test class [com.pccwglobal.assessment.marssitest.PerformanceTest]: no resource found for suffixes {-context.xml, Context.groovy}.
Aug 06, 2018 2:00:58 AM org.springframework.test.context.support.AnnotationConfigContextLoaderUtils detectDefaultConfigurationClasses
信息: Could not detect default configuration classes for test class [com.pccwglobal.assessment.marssitest.PerformanceTest]: PerformanceTest does not declare any static, non-private, non-final, nested classes annotated with @Configuration.
Aug 06, 2018 2:00:58 AM org.springframework.boot.test.context.SpringBootTestContextBootstrapper getOrFindConfigurationClasses
信息: Found @SpringBootConfiguration com.pccwglobal.assessment.marssitest.MarsSiTestApplication for test class com.pccwglobal.assessment.marssitest.PerformanceTest
Aug 06, 2018 2:00:58 AM org.springframework.boot.test.context.SpringBootTestContextBootstrapper getDefaultTestExecutionListenerClassNames
信息: Loaded default TestExecutionListener class names from location [META-INF/spring.factories]: [org.springframework.boot.test.mock.mockito.MockitoTestExecutionListener, org.springframework.boot.test.mock.mockito.ResetMocksTestExecutionListener, org.springframework.boot.test.autoconfigure.restdocs.RestDocsTestExecutionListener, org.springframework.boot.test.autoconfigure.web.client.MockRestServiceServerResetTestExecutionListener, org.springframework.boot.test.autoconfigure.web.servlet.MockMvcPrintOnlyOnFailureTestExecutionListener, org.springframework.boot.test.autoconfigure.web.servlet.WebDriverTestExecutionListener, org.springframework.test.context.web.ServletTestExecutionListener, org.springframework.test.context.support.DirtiesContextBeforeModesTestExecutionListener, org.springframework.test.context.support.DependencyInjectionTestExecutionListener, org.springframework.test.context.support.DirtiesContextTestExecutionListener, org.springframework.test.context.transaction.TransactionalTestExecutionListener, org.springframework.test.context.jdbc.SqlScriptsTestExecutionListener]
Aug 06, 2018 2:00:58 AM org.springframework.boot.test.context.SpringBootTestContextBootstrapper getTestExecutionListeners
信息: Using TestExecutionListeners: [org.springframework.test.context.support.DirtiesContextBeforeModesTestExecutionListener@1972b0, org.springframework.boot.test.mock.mockito.MockitoTestExecutionListener@f3afd9, org.springframework.boot.test.autoconfigure.SpringBootDependencyInjectionTestExecutionListener@3b36e0, org.springframework.test.context.support.DirtiesContextTestExecutionListener@ebcd03, org.springframework.test.context.transaction.TransactionalTestExecutionListener@14abbdc, org.springframework.test.context.jdbc.SqlScriptsTestExecutionListener@5c4b, org.springframework.boot.test.mock.mockito.ResetMocksTestExecutionListener@167f35d, org.springframework.boot.test.autoconfigure.restdocs.RestDocsTestExecutionListener@1fead27, org.springframework.boot.test.autoconfigure.web.client.MockRestServiceServerResetTestExecutionListener@156695f, org.springframework.boot.test.autoconfigure.web.servlet.MockMvcPrintOnlyOnFailureTestExecutionListener@118837a, org.springframework.boot.test.autoconfigure.web.servlet.WebDriverTestExecutionListener@19f7cdf]
SLF4J: Class path contains multiple SLF4J bindings.
SLF4J: Found binding in [jar:file:/E:/JavaTools/eclipse/mavenRepository/com/github/noconnor/junitperf/1.9.1/junitperf-1.9.1.jar!/org/slf4j/impl/StaticLoggerBinder.class]
SLF4J: Found binding in [jar:file:/E:/JavaTools/eclipse/mavenRepository/ch/qos/logback/logback-classic/1.2.3/logback-classic-1.2.3.jar!/org/slf4j/impl/StaticLoggerBinder.class]
SLF4J: See http://www.slf4j.org/codes.html#multiple_bindings for an explanation.
SLF4J: Actual binding is of type [ch.qos.logback.classic.util.ContextSelectorStaticBinder]
]]></system-err>
  </testcase>
  <testcase name="testGetUserByIdPerformance" classname="com.pccwglobal.assessment.marssitest.PerformanceTest" time="1.49"/>
  <testcase name="testCreateUserPerformance" classname="com.pccwglobal.assessment.marssitest.PerformanceTest" time="1.633">
    <failure message="Test throughput threshold not achieved&#10;Expected: is &lt;true&gt;&#10;     but: was &lt;false&gt;" type="java.lang.AssertionError"><![CDATA[java.lang.AssertionError: 
Test throughput threshold not achieved
Expected: is <true>
     but: was <false>
]]></failure>
    <system-out><![CDATA[2018-08-06 02:01:08.211  INFO 2724 --- [           main] c.g.n.j.r.p.ConsoleReportGenerator       : Test Name:    testListUsersPerformance
2018-08-06 02:01:08.211  INFO 2724 --- [           main] c.g.n.j.r.p.ConsoleReportGenerator       : Started at:   2018-08-06 02:01:02
2018-08-06 02:01:08.211  INFO 2724 --- [           main] c.g.n.j.r.p.ConsoleReportGenerator       : Invocations:  48
2018-08-06 02:01:08.211  INFO 2724 --- [           main] c.g.n.j.r.p.ConsoleReportGenerator       :   - Success:  48
2018-08-06 02:01:08.211  INFO 2724 --- [           main] c.g.n.j.r.p.ConsoleReportGenerator       :   - Errors:   0
2018-08-06 02:01:08.211  INFO 2724 --- [           main] c.g.n.j.r.p.ConsoleReportGenerator       :   - Errors:   0.0% - PASSED
2018-08-06 02:01:08.211  INFO 2724 --- [           main] c.g.n.j.r.p.ConsoleReportGenerator       : 
2018-08-06 02:01:08.211  INFO 2724 --- [           main] c.g.n.j.r.p.ConsoleReportGenerator       : Thread Count: 10
2018-08-06 02:01:08.211  INFO 2724 --- [           main] c.g.n.j.r.p.ConsoleReportGenerator       : Warm up:      10 ms
2018-08-06 02:01:08.211  INFO 2724 --- [           main] c.g.n.j.r.p.ConsoleReportGenerator       : 
2018-08-06 02:01:08.212  INFO 2724 --- [           main] c.g.n.j.r.p.ConsoleReportGenerator       : Execution time: 1250 ms
2018-08-06 02:01:08.212  INFO 2724 --- [           main] c.g.n.j.r.p.ConsoleReportGenerator       : Throughput:     38/s (Required: 50/s) - FAILED!!
2018-08-06 02:01:08.212  INFO 2724 --- [           main] c.g.n.j.r.p.ConsoleReportGenerator       : Min. latency:   12.864366 ms (Required: N/Ams) - {}
2018-08-06 02:01:08.212  INFO 2724 --- [           main] c.g.n.j.r.p.ConsoleReportGenerator       : Max. latency:    1014.9786 ms (Required: N/Ams) - {}
2018-08-06 02:01:08.212  INFO 2724 --- [           main] c.g.n.j.r.p.ConsoleReportGenerator       : Ave. latency:    241.06787 ms (Required: N/Ams) - {}
2018-08-06 02:01:08.212  INFO 2724 --- [           main] c.g.n.j.r.p.ConsoleReportGenerator       : 90:    947.0297ms (Required: 1000.0 ms) - PASSED
2018-08-06 02:01:08.212  INFO 2724 --- [           main] c.g.n.j.r.p.ConsoleReportGenerator       : 95:    995.83484ms (Required: 1100.0 ms) - PASSED
2018-08-06 02:01:08.212  INFO 2724 --- [           main] c.g.n.j.r.p.ConsoleReportGenerator       : 98:    1014.9786ms (Required: 1100.0 ms) - PASSED
2018-08-06 02:01:08.212  INFO 2724 --- [           main] c.g.n.j.r.p.ConsoleReportGenerator       : 99:    1014.9786ms (Required: 1200.0 ms) - PASSED
2018-08-06 02:01:08.213  INFO 2724 --- [           main] c.g.n.j.r.p.ConsoleReportGenerator       : 
2018-08-06 02:01:08.213  INFO 2724 --- [           main] c.g.n.j.r.p.ConsoleReportGenerator       : 
2018-08-06 02:01:08.213  INFO 2724 --- [           main] c.g.n.j.r.p.ConsoleReportGenerator       : Test Name:    testCreateUserPerformance
2018-08-06 02:01:08.213  INFO 2724 --- [           main] c.g.n.j.r.p.ConsoleReportGenerator       : Started at:   2018-08-06 02:01:06
2018-08-06 02:01:08.213  INFO 2724 --- [           main] c.g.n.j.r.p.ConsoleReportGenerator       : Invocations:  25
2018-08-06 02:01:08.213  INFO 2724 --- [           main] c.g.n.j.r.p.ConsoleReportGenerator       :   - Success:  25
2018-08-06 02:01:08.213  INFO 2724 --- [           main] c.g.n.j.r.p.ConsoleReportGenerator       :   - Errors:   0
2018-08-06 02:01:08.213  INFO 2724 --- [           main] c.g.n.j.r.p.ConsoleReportGenerator       :   - Errors:   0.0% - PASSED
2018-08-06 02:01:08.213  INFO 2724 --- [           main] c.g.n.j.r.p.ConsoleReportGenerator       : 
2018-08-06 02:01:08.213  INFO 2724 --- [           main] c.g.n.j.r.p.ConsoleReportGenerator       : Thread Count: 10
2018-08-06 02:01:08.213  INFO 2724 --- [           main] c.g.n.j.r.p.ConsoleReportGenerator       : Warm up:      10 ms
2018-08-06 02:01:08.213  INFO 2724 --- [           main] c.g.n.j.r.p.ConsoleReportGenerator       : 
2018-08-06 02:01:08.213  INFO 2724 --- [           main] c.g.n.j.r.p.ConsoleReportGenerator       : Execution time: 1250 ms
2018-08-06 02:01:08.214  INFO 2724 --- [           main] c.g.n.j.r.p.ConsoleReportGenerator       : Throughput:     20/s (Required: 50/s) - FAILED!!
2018-08-06 02:01:08.214  INFO 2724 --- [           main] c.g.n.j.r.p.ConsoleReportGenerator       : Min. latency:   147.68134 ms (Required: N/Ams) - {}
2018-08-06 02:01:08.214  INFO 2724 --- [           main] c.g.n.j.r.p.ConsoleReportGenerator       : Max. latency:    880.4308 ms (Required: N/Ams) - {}
2018-08-06 02:01:08.214  INFO 2724 --- [           main] c.g.n.j.r.p.ConsoleReportGenerator       : Ave. latency:    330.93616 ms (Required: N/Ams) - {}
2018-08-06 02:01:08.214  INFO 2724 --- [           main] c.g.n.j.r.p.ConsoleReportGenerator       : 90:    549.5484ms (Required: 1000.0 ms) - PASSED
2018-08-06 02:01:08.214  INFO 2724 --- [           main] c.g.n.j.r.p.ConsoleReportGenerator       : 95:    783.73956ms (Required: 1100.0 ms) - PASSED
2018-08-06 02:01:08.214  INFO 2724 --- [           main] c.g.n.j.r.p.ConsoleReportGenerator       : 98:    880.4308ms (Required: 1100.0 ms) - PASSED
2018-08-06 02:01:08.214  INFO 2724 --- [           main] c.g.n.j.r.p.ConsoleReportGenerator       : 99:    880.4308ms (Required: 1200.0 ms) - PASSED
2018-08-06 02:01:08.214  INFO 2724 --- [           main] c.g.n.j.r.p.ConsoleReportGenerator       : 
2018-08-06 02:01:08.214  INFO 2724 --- [           main] c.g.n.j.r.p.ConsoleReportGenerator       : 
2018-08-06 02:01:08.214  INFO 2724 --- [           main] c.g.n.j.r.p.ConsoleReportGenerator       : Test Name:    testGetUserByIdPerformance
2018-08-06 02:01:08.215  INFO 2724 --- [           main] c.g.n.j.r.p.ConsoleReportGenerator       : Started at:   2018-08-06 02:01:05
2018-08-06 02:01:08.215  INFO 2724 --- [           main] c.g.n.j.r.p.ConsoleReportGenerator       : Invocations:  84
2018-08-06 02:01:08.215  INFO 2724 --- [           main] c.g.n.j.r.p.ConsoleReportGenerator       :   - Success:  84
2018-08-06 02:01:08.215  INFO 2724 --- [           main] c.g.n.j.r.p.ConsoleReportGenerator       :   - Errors:   0
2018-08-06 02:01:08.215  INFO 2724 --- [           main] c.g.n.j.r.p.ConsoleReportGenerator       :   - Errors:   0.0% - PASSED
2018-08-06 02:01:08.215  INFO 2724 --- [           main] c.g.n.j.r.p.ConsoleReportGenerator       : 
2018-08-06 02:01:08.215  INFO 2724 --- [           main] c.g.n.j.r.p.ConsoleReportGenerator       : Thread Count: 10
2018-08-06 02:01:08.215  INFO 2724 --- [           main] c.g.n.j.r.p.ConsoleReportGenerator       : Warm up:      10 ms
2018-08-06 02:01:08.215  INFO 2724 --- [           main] c.g.n.j.r.p.ConsoleReportGenerator       : 
2018-08-06 02:01:08.215  INFO 2724 --- [           main] c.g.n.j.r.p.ConsoleReportGenerator       : Execution time: 1250 ms
2018-08-06 02:01:08.215  INFO 2724 --- [           main] c.g.n.j.r.p.ConsoleReportGenerator       : Throughput:     67/s (Required: 50/s) - PASSED
2018-08-06 02:01:08.215  INFO 2724 --- [           main] c.g.n.j.r.p.ConsoleReportGenerator       : Min. latency:   4.753972 ms (Required: N/Ams) - {}
2018-08-06 02:01:08.215  INFO 2724 --- [           main] c.g.n.j.r.p.ConsoleReportGenerator       : Max. latency:    18.791113 ms (Required: N/Ams) - {}
2018-08-06 02:01:08.215  INFO 2724 --- [           main] c.g.n.j.r.p.ConsoleReportGenerator       : Ave. latency:    6.887427 ms (Required: N/Ams) - {}
2018-08-06 02:01:08.215  INFO 2724 --- [           main] c.g.n.j.r.p.ConsoleReportGenerator       : 90:    10.784888ms (Required: 1000.0 ms) - PASSED
2018-08-06 02:01:08.215  INFO 2724 --- [           main] c.g.n.j.r.p.ConsoleReportGenerator       : 95:    12.937613ms (Required: 1100.0 ms) - PASSED
2018-08-06 02:01:08.215  INFO 2724 --- [           main] c.g.n.j.r.p.ConsoleReportGenerator       : 98:    16.15282ms (Required: 1100.0 ms) - PASSED
2018-08-06 02:01:08.215  INFO 2724 --- [           main] c.g.n.j.r.p.ConsoleReportGenerator       : 99:    18.791113ms (Required: 1200.0 ms) - PASSED
2018-08-06 02:01:08.216  INFO 2724 --- [           main] c.g.n.j.r.p.ConsoleReportGenerator       : 
2018-08-06 02:01:08.216  INFO 2724 --- [           main] c.g.n.j.r.p.ConsoleReportGenerator       : 
2018-08-06 02:01:08.217  INFO 2724 --- [           main] c.g.n.j.r.providers.HtmlReportGenerator  : Rendering report to: .\performanceTestReport.html
]]></system-out>
  </testcase>
  <testcase name="testDeleteUserByIdPerformance" classname="com.pccwglobal.assessment.marssitest.PerformanceTest" time="1.536"/>
  <testcase name="testUpdateUserPerformance" classname="com.pccwglobal.assessment.marssitest.PerformanceTest" time="1.654"/>
</testsuite>